{
  "RSpec": {
    "coverage": {
      "/Users/Dmee/gSchool/projects/store_engine/config/environment.rb": [
        null,
        1,
        null,
        null,
        1
      ],
      "/Users/Dmee/gSchool/projects/store_engine/config/application.rb": [
        1,
        null,
        null,
        1,
        1,
        1,
        1,
        1,
        null,
        null,
        1,
        null,
        1,
        null,
        null,
        null,
        null,
        1,
        1,
        null,
        null,
        null,
        null,
        null,
        null,
        null,
        null,
        null,
        null,
        null,
        null,
        null,
        null,
        null,
        null,
        null,
        null,
        null,
        null,
        null,
        null,
        null,
        1,
        null,
        null,
        1,
        null,
        null,
        null,
        null,
        null,
        null,
        null,
        null,
        null,
        null,
        1,
        null,
        null,
        1,
        null,
        null,
        1,
        null,
        null
      ],
      "/Users/Dmee/gSchool/projects/store_engine/config/boot.rb": [
        1,
        null,
        null,
        1,
        null,
        1
      ],
      "/Users/Dmee/gSchool/projects/store_engine/config/environments/test.rb": [
        1,
        null,
        null,
        null,
        null,
        null,
        null,
        1,
        null,
        null,
        1,
        1,
        null,
        null,
        1,
        null,
        null,
        1,
        1,
        null,
        null,
        1,
        null,
        null,
        1,
        null,
        null,
        null,
        null,
        1,
        null,
        null,
        1,
        null,
        null,
        1,
        null
      ],
      "/Users/Dmee/gSchool/projects/store_engine/config/initializers/backtrace_silencers.rb": [
        null,
        null,
        null,
        null,
        null,
        null,
        null
      ],
      "/Users/Dmee/gSchool/projects/store_engine/config/initializers/inflections.rb": [
        null,
        null,
        null,
        null,
        null,
        null,
        null,
        null,
        null,
        null,
        null,
        null,
        null,
        null,
        null
      ],
      "/Users/Dmee/gSchool/projects/store_engine/config/initializers/mime_types.rb": [
        null,
        null,
        null,
        null,
        null
      ],
      "/Users/Dmee/gSchool/projects/store_engine/config/initializers/secret_token.rb": [
        null,
        null,
        null,
        null,
        null,
        null,
        1
      ],
      "/Users/Dmee/gSchool/projects/store_engine/config/initializers/session_store.rb": [
        null,
        null,
        1,
        null,
        null,
        null,
        null,
        null
      ],
      "/Users/Dmee/gSchool/projects/store_engine/config/initializers/sorcery.rb": [
        null,
        null,
        null,
        null,
        1,
        null,
        null,
        1,
        null,
        null,
        null,
        null,
        null,
        null,
        null,
        null,
        null,
        null,
        null,
        null,
        null,
        null,
        null,
        null,
        null,
        null,
        null,
        null,
        null,
        null,
        null,
        null,
        null,
        null,
        null,
        null,
        null,
        null,
        null,
        null,
        null,
        null,
        null,
        null,
        null,
        null,
        null,
        null,
        null,
        null,
        null,
        null,
        null,
        null,
        null,
        null,
        null,
        null,
        null,
        null,
        null,
        null,
        null,
        null,
        null,
        null,
        null,
        null,
        null,
        null,
        null,
        null,
        null,
        null,
        null,
        null,
        null,
        null,
        null,
        null,
        null,
        null,
        null,
        null,
        null,
        null,
        null,
        null,
        null,
        null,
        null,
        null,
        null,
        null,
        null,
        null,
        null,
        null,
        null,
        null,
        null,
        null,
        null,
        null,
        null,
        null,
        null,
        null,
        null,
        null,
        null,
        null,
        null,
        null,
        null,
        null,
        null,
        null,
        null,
        null,
        null,
        null,
        null,
        null,
        null,
        null,
        null,
        null,
        null,
        null,
        null,
        null,
        null,
        null,
        null,
        null,
        null,
        null,
        null,
        null,
        null,
        null,
        null,
        null,
        1,
        null,
        null,
        null,
        null,
        1,
        null,
        null,
        null,
        null,
        null,
        null,
        null,
        null,
        null,
        null,
        null,
        null,
        null,
        null,
        null,
        null,
        null,
        null,
        null,
        null,
        null,
        null,
        null,
        null,
        null,
        null,
        null,
        null,
        null,
        null,
        null,
        null,
        null,
        null,
        null,
        null,
        null,
        null,
        null,
        null,
        null,
        null,
        null,
        null,
        null,
        null,
        null,
        null,
        null,
        null,
        null,
        null,
        null,
        null,
        null,
        null,
        null,
        null,
        null,
        null,
        null,
        null,
        null,
        null,
        null,
        null,
        null,
        null,
        null,
        null,
        null,
        null,
        null,
        null,
        null,
        null,
        null,
        null,
        null,
        null,
        null,
        null,
        null,
        null,
        null,
        null,
        null,
        null,
        null,
        null,
        null,
        null,
        null,
        null,
        null,
        null,
        null,
        null,
        null,
        null,
        null,
        null,
        null,
        null,
        null,
        null,
        null,
        null,
        null,
        null,
        null,
        null,
        null,
        null,
        null,
        null,
        null,
        null,
        null,
        null,
        null,
        null,
        null,
        null,
        null,
        null,
        null,
        null,
        null,
        null,
        null,
        null,
        null,
        null,
        null,
        null,
        null,
        null,
        null,
        null,
        null,
        null,
        null,
        null,
        null,
        null,
        null,
        null,
        null,
        null,
        null,
        null,
        null,
        null,
        null,
        null,
        null,
        null,
        null,
        null,
        null,
        null,
        null,
        null,
        null,
        null,
        null,
        null,
        null,
        null,
        null,
        null,
        null,
        null,
        null,
        null,
        null,
        null,
        null,
        null,
        null,
        null,
        null,
        null,
        null,
        null,
        null,
        null,
        null,
        null,
        null,
        null,
        null,
        null,
        null,
        null,
        null,
        null,
        null,
        null,
        null,
        null,
        null,
        null,
        null,
        null,
        null,
        null,
        null,
        null,
        null,
        null,
        null,
        null,
        null,
        null,
        null,
        null,
        null,
        null,
        null,
        null,
        null,
        null,
        null,
        null,
        null,
        null,
        null,
        null,
        null,
        null,
        null,
        null,
        null,
        null,
        null,
        null,
        null,
        null,
        null,
        null,
        null,
        null,
        null,
        null,
        null,
        null,
        null,
        null,
        null,
        null,
        null,
        null,
        null,
        null,
        null,
        null,
        null,
        null,
        null,
        null,
        null,
        null,
        null,
        null,
        null,
        null,
        null,
        null,
        null,
        null,
        null,
        null,
        1,
        null
      ],
      "/Users/Dmee/gSchool/projects/store_engine/config/initializers/wrap_parameters.rb": [
        null,
        null,
        null,
        null,
        null,
        null,
        1,
        1,
        null,
        null,
        null,
        1,
        1,
        null
      ],
      "/Users/Dmee/gSchool/projects/store_engine/app/controllers/admin/dashboard_controller.rb": [
        1,
        null,
        1,
        1,
        null,
        1,
        null,
        null,
        1,
        null,
        1,
        0,
        0,
        0,
        null,
        null,
        null,
        1,
        0,
        null,
        null
      ],
      "/Users/Dmee/gSchool/projects/store_engine/app/controllers/application_controller.rb": [
        1,
        1,
        null,
        1,
        null,
        1,
        0,
        0,
        0,
        0,
        0,
        null,
        null,
        0,
        null,
        0,
        null,
        0,
        null,
        null,
        null,
        1,
        null,
        1,
        31,
        31,
        4,
        0,
        0,
        0,
        0,
        0,
        null,
        null,
        4,
        null,
        null,
        28,
        null,
        null
      ],
      "/Users/Dmee/gSchool/projects/store_engine/app/helpers/application_helper.rb": [
        1,
        null
      ],
      "/Users/Dmee/gSchool/projects/store_engine/app/helpers/admin/dashboard_helper.rb": [
        1,
        null
      ],
      "/Users/Dmee/gSchool/projects/store_engine/app/helpers/carts_helper.rb": [
        1,
        null
      ],
      "/Users/Dmee/gSchool/projects/store_engine/app/helpers/categories_helper.rb": [
        1,
        null
      ],
      "/Users/Dmee/gSchool/projects/store_engine/app/helpers/orders_helper.rb": [
        1,
        null
      ],
      "/Users/Dmee/gSchool/projects/store_engine/app/helpers/products_helper.rb": [
        1,
        null
      ],
      "/Users/Dmee/gSchool/projects/store_engine/app/helpers/users_helper.rb": [
        1,
        null
      ],
      "/Users/Dmee/gSchool/projects/store_engine/app/controllers/carts_controller.rb": [
        1,
        null,
        1,
        2,
        2,
        2,
        null,
        0,
        0,
        null,
        0,
        null,
        1,
        1,
        null,
        null,
        1,
        2,
        null,
        null,
        1,
        0,
        0,
        0,
        0,
        null,
        null,
        null,
        null,
        null,
        null,
        null,
        null,
        null,
        null,
        null,
        1,
        1,
        1,
        0,
        0,
        null,
        null,
        null,
        1,
        0,
        0,
        null,
        null,
        null,
        1,
        0,
        null,
        null
      ],
      "/Users/Dmee/gSchool/projects/store_engine/app/models/cart.rb": [
        1,
        1,
        1,
        1,
        null,
        null,
        null
      ],
      "/Users/Dmee/gSchool/projects/store_engine/app/controllers/categories_controller.rb": [
        1,
        null,
        1,
        3,
        null,
        null
      ],
      "/Users/Dmee/gSchool/projects/store_engine/app/models/category.rb": [
        1,
        1,
        1,
        1,
        null
      ],
      "/Users/Dmee/gSchool/projects/store_engine/app/controllers/orders_controller.rb": [
        1,
        null,
        1,
        0,
        null,
        null
      ],
      "/Users/Dmee/gSchool/projects/store_engine/app/models/order.rb": [
        1,
        1,
        null
      ],
      "/Users/Dmee/gSchool/projects/store_engine/app/controllers/products_controller.rb": [
        1,
        1,
        11,
        11,
        null,
        null,
        1,
        6,
        null,
        null,
        1,
        0,
        null,
        null,
        1,
        0,
        null,
        0,
        0,
        0,
        0,
        null,
        0,
        0,
        null,
        null,
        null,
        null,
        1,
        0,
        null,
        0,
        0,
        0,
        null,
        null,
        null,
        1,
        0,
        null,
        0,
        0,
        0,
        0,
        null,
        0,
        0,
        null,
        null,
        null,
        null
      ],
      "/Users/Dmee/gSchool/projects/store_engine/app/models/product.rb": [
        1,
        1,
        1,
        null,
        1,
        null,
        1,
        null,
        1,
        null,
        1,
        null,
        null,
        null
      ],
      "/Users/Dmee/gSchool/projects/store_engine/app/controllers/user_sessions_controller.rb": [
        1,
        1,
        null,
        null,
        1,
        2,
        2,
        2,
        2,
        null,
        0,
        null,
        null,
        0,
        0,
        null,
        null,
        null,
        1,
        0,
        0,
        null,
        null
      ],
      "/Users/Dmee/gSchool/projects/store_engine/app/controllers/users_controller.rb": [
        1,
        null,
        1,
        null,
        null,
        1,
        0,
        null,
        0,
        0,
        0,
        null,
        null,
        null,
        null,
        null,
        1,
        2,
        null,
        2,
        2,
        2,
        null,
        null,
        null,
        null,
        null,
        null,
        1,
        2,
        null,
        2,
        2,
        2,
        null,
        null,
        null,
        null,
        1,
        0,
        null,
        null,
        null,
        null,
        1,
        2,
        null,
        2,
        2,
        4,
        2,
        null,
        0,
        0,
        null,
        null,
        null,
        null,
        null,
        null,
        1,
        0,
        null,
        0,
        0,
        0,
        0,
        null,
        0,
        0,
        null,
        null,
        null,
        null,
        null,
        null,
        1,
        0,
        0,
        null,
        0,
        0,
        0,
        null,
        null,
        null
      ],
      "/Users/Dmee/gSchool/projects/store_engine/app/models/user.rb": [
        1,
        1,
        null,
        1,
        null,
        1,
        1,
        null,
        1,
        null,
        null,
        null,
        1,
        null,
        null,
        1,
        null,
        null,
        1,
        null,
        null,
        null,
        null,
        null,
        null,
        null,
        null
      ],
      "/Users/Dmee/gSchool/projects/store_engine/app/models/cart_product.rb": [
        1,
        1,
        1,
        1,
        null,
        1,
        0,
        null,
        null,
        null
      ],
      "/Users/Dmee/gSchool/projects/store_engine/app/models/product_category.rb": [
        1,
        1,
        1,
        null,
        null
      ],
      "/Users/Dmee/gSchool/projects/store_engine/config/routes.rb": [
        1,
        null,
        null,
        1,
        null,
        1,
        1,
        null,
        1,
        1,
        null,
        1,
        1,
        null,
        1,
        1,
        null,
        1,
        1,
        null,
        1,
        1,
        null,
        null
      ]
    },
    "timestamp": 1364591548
  }
}
